<?xml version="1.0" encoding="UTF-8"?>
<!-- Generated by org.testng.reporters.JUnitReportReporter -->
<testsuite skipped="0" hostname="DESKTOP-7L8S4UU" name="com.homes.tabletoprobot.TabletopRobotApplicationTest" tests="4" failures="0" timestamp="2022-04-29T17:07:46 AEST" time="0.050" errors="0">
  <testcase name="right" time="0.000" classname="com.homes.tabletoprobot.TabletopRobotApplicationTest"/>
  <system-out/>
  <testcase name="testPlaceDroid" time="0.047" classname="com.homes.tabletoprobot.TabletopRobotApplicationTest"/>
  <system-out/>
  <testcase name="left" time="0.003" classname="com.homes.tabletoprobot.TabletopRobotApplicationTest"/>
  <system-out/>
  <testcase name="move" time="0.000" classname="com.homes.tabletoprobot.TabletopRobotApplicationTest"/>
  <system-out/>
</testsuite> <!-- com.homes.tabletoprobot.TabletopRobotApplicationTest -->
